<?xml version="1.0" encoding="UTF-8"?>
<!-- Generated by org.testng.reporters.JUnitXMLReporter -->
<testsuite hostname="chenyun-PC" ignored="0" name="Default test" tests="4" failures="0" timestamp="03 三月 2020 09:35:52 GMT" time="0.108" errors="0">
  <testcase name="test1" time="0.025" classname="com.testng.series.TestGroup"/>
  <testcase name="test2" time="0.003" classname="com.testng.series.TestGroup"/>
  <testcase name="test3" time="0.002" classname="com.testng.series.TestGroup"/>
  <testcase name="test4" time="0.003" classname="com.testng.series.TestGroup"/>
</testsuite> <!-- Default test -->
