<?xml version="1.0" encoding="UTF-8"?>
<testng-results skipped="0" failed="0" ignored="0" total="1" passed="1">
  <reporter-output>
  </reporter-output>
  <suite name="Default suite" duration-ms="126" started-at="2020-03-03T05:35:52Z" finished-at="2020-03-03T05:35:52Z">
    <groups>
    </groups>
    <test name="Default test" duration-ms="126" started-at="2020-03-03T05:35:52Z" finished-at="2020-03-03T05:35:52Z">
      <class name="com.testng.series.NewTest">
        <test-method status="PASS" signature="beforeSuite()[pri:0, instance:com.testng.series.NewTest@2a5ca609]" name="beforeSuite" is-config="true" duration-ms="49" started-at="2020-03-03T05:35:52Z" finished-at="2020-03-03T05:35:52Z">
          <reporter-output>
          </reporter-output>
        </test-method> <!-- beforeSuite -->
        <test-method status="PASS" signature="test1()[pri:0, instance:com.testng.series.NewTest@2a5ca609]" name="test1" duration-ms="14" started-at="2020-03-03T05:35:52Z" finished-at="2020-03-03T05:35:52Z">
          <reporter-output>
          </reporter-output>
        </test-method> <!-- test1 -->
        <test-method status="PASS" signature="afterSuite()[pri:0, instance:com.testng.series.NewTest@2a5ca609]" name="afterSuite" is-config="true" duration-ms="1" started-at="2020-03-03T05:35:52Z" finished-at="2020-03-03T05:35:52Z">
          <reporter-output>
          </reporter-output>
        </test-method> <!-- afterSuite -->
      </class> <!-- com.testng.series.NewTest -->
    </test> <!-- Default test -->
  </suite> <!-- Default suite -->
</testng-results>
