<?xml version="1.0" encoding="UTF-8"?>
<testng-results skipped="0" failed="0" ignored="0" total="2" passed="2">
  <reporter-output>
  </reporter-output>
  <suite name="Default suite" duration-ms="581" started-at="2020-03-03T12:34:37Z" finished-at="2020-03-03T12:34:38Z">
    <groups>
    </groups>
    <test name="Default test" duration-ms="581" started-at="2020-03-03T12:34:37Z" finished-at="2020-03-03T12:34:38Z">
      <class name="com.yy.youhua.withCookieVistRequest">
        <test-method status="PASS" signature="beforeTest()[pri:0, instance:com.yy.youhua.withCookieVistRequest@29ee9faa]" name="beforeTest" is-config="true" duration-ms="29" started-at="2020-03-03T12:34:37Z" finished-at="2020-03-03T12:34:37Z">
          <reporter-output>
          </reporter-output>
        </test-method> <!-- beforeTest -->
        <test-method status="PASS" signature="httpGet()[pri:0, instance:com.yy.youhua.withCookieVistRequest@29ee9faa]" name="httpGet" duration-ms="475" started-at="2020-03-03T12:34:37Z" finished-at="2020-03-03T12:34:38Z">
          <reporter-output>
          </reporter-output>
        </test-method> <!-- httpGet -->
        <test-method status="PASS" signature="httpGet2()[pri:0, instance:com.yy.youhua.withCookieVistRequest@29ee9faa]" name="httpGet2" duration-ms="29" started-at="2020-03-03T12:34:38Z" depends-on-methods="com.yy.youhua.withCookieVistRequest.httpGet" finished-at="2020-03-03T12:34:38Z">
          <reporter-output>
          </reporter-output>
        </test-method> <!-- httpGet2 -->
      </class> <!-- com.yy.youhua.withCookieVistRequest -->
    </test> <!-- Default test -->
  </suite> <!-- Default suite -->
</testng-results>
